Case #1: BA BA 
Case #2: A CB AC BA 
Case #3: CC BA 
Case #4: BB AC BA 
Case #5: CC CB AC BA 
Case #6: BA BA BA 
Case #7: C CB AC BA 
Case #8: AC AC BA 
Case #9: C AC AC BA 
Case #10: CC AC AC BA 
Case #11: BA 
Case #12: AC BA 
Case #13: C BA 
Case #14: CC BC BC BA 
Case #15: AC AC AC BA 
Case #16: B AB AB AC BA 
Case #17: BB AB AC BA 
Case #18: C BC BC BA 
Case #19: CC AC BA 
Case #20: AB AC BA 
Case #21: BC BA 
Case #22: CB AC BA 
Case #23: A BA CB AC BA 
Case #24: B CB AC BA 
Case #25: AA CB AC BA 
Case #26: C AC BA 
Case #27: BA BA BA BA 
Case #28: C BC BA 
Case #29: C BC BC BC BA 
Case #30: B AC BA 
Case #31: C CA CB AC BA 
Case #32: BA CB AC BA 
Case #33: A CA CB AC BA 
Case #34: C AC AC AC BA 
Case #35: C BA CB AC BA 
Case #36: BC BC BA 
Case #37: AB AB AC BA 
Case #38: CB CB AC BA 
Case #39: C CB CB AC BA 
Case #40: BC BC BC BA 
Case #41: CC BC BA 
Case #42: B CB CB AC BA 
Case #43: B BA CB AC BA 
Case #44: B AB AC BA 
Case #45: BB CB AC BA 
Case #46: CA CB AC BA 
