Case #1: 1
1 1 1

Case #2: 4
1 1 1
1 2 2
1 1 3
1 2 1

Case #3: 2
1 1 1
1 1 2

Case #4: 2
1 1 1
1 2 2

Case #5: 6
1 1 1
2 2 2
1 3 3
2 1 1
1 2 2
2 3 3

Case #6: 18
1 1 1
2 2 2
1 3 3
2 1 1
1 2 2
2 3 3
1 1 1
2 2 2
1 3 3
2 1 1
1 2 2
2 3 3
1 1 1
2 2 2
1 3 3
2 1 1
1 2 2
2 3 3

Case #7: 3
1 1 1
1 1 2
1 1 3

Case #8: 27
1 1 1
2 2 2
3 3 3
1 1 1
2 2 2
3 3 3
1 1 1
2 2 2
3 3 3
1 1 1
2 2 2
3 3 3
1 1 1
2 2 2
3 3 3
1 1 1
2 2 2
3 3 3
1 1 1
2 2 2
3 3 3
1 1 1
2 2 2
3 3 3
1 1 1
2 2 2
3 3 3

Case #9: 1
1 1 1

Case #10: 3
1 1 1
1 1 2
1 1 3

Case #11: 12
1 1 1
2 2 2
1 1 3
2 2 1
1 1 2
2 2 3
1 1 1
2 2 2
1 1 3
2 2 1
1 1 2
2 2 3

Case #12: 1
1 1 1

Case #13: 9
1 1 1
1 2 2
1 3 3
1 1 1
1 2 2
1 3 3
1 1 1
1 2 2
1 3 3

Case #14: 6
1 1 1
1 2 2
1 1 3
1 2 1
1 1 2
1 2 3

Case #15: 18
1 1 1
2 2 2
1 3 3
2 1 1
1 2 2
2 3 3
1 1 1
2 2 2
1 3 3
2 1 1
1 2 2
2 3 3
1 1 1
2 2 2
1 3 3
2 1 1
1 2 2
2 3 3

Case #16: 2
1 1 1
1 1 2

Case #17: 1
1 1 1

Case #18: 12
1 1 1
2 2 2
1 1 3
2 2 1
1 1 2
2 2 3
1 1 1
2 2 2
1 1 3
2 2 1
1 1 2
2 2 3

Case #19: 27
1 1 1
2 2 2
3 3 3
1 1 1
2 2 2
3 3 3
1 1 1
2 2 2
3 3 3
1 1 1
2 2 2
3 3 3
1 1 1
2 2 2
3 3 3
1 1 1
2 2 2
3 3 3
1 1 1
2 2 2
3 3 3
1 1 1
2 2 2
3 3 3
1 1 1
2 2 2
3 3 3

Case #20: 8
1 1 1
2 2 2
1 1 1
2 2 2
1 1 1
2 2 2
1 1 1
2 2 2

Case #21: 12
1 1 1
2 2 2
1 1 3
2 2 1
1 1 2
2 2 3
1 1 1
2 2 2
1 1 3
2 2 1
1 1 2
2 2 3

Case #22: 8
1 1 1
2 2 2
1 1 1
2 2 2
1 1 1
2 2 2
1 1 1
2 2 2

Case #23: 3
1 1 1
1 1 2
1 1 3

Case #24: 6
1 1 1
1 2 2
1 1 3
1 2 1
1 1 2
1 2 3

Case #25: 3
1 1 1
1 1 2
1 1 3

Case #26: 1
1 1 1

Case #27: 18
1 1 1
2 2 2
1 3 3
2 1 1
1 2 2
2 3 3
1 1 1
2 2 2
1 3 3
2 1 1
1 2 2
2 3 3
1 1 1
2 2 2
1 3 3
2 1 1
1 2 2
2 3 3

Case #28: 1
1 1 1

Case #29: 12
1 1 1
2 2 2
1 1 3
2 2 1
1 1 2
2 2 3
1 1 1
2 2 2
1 1 3
2 2 1
1 1 2
2 2 3

Case #30: 4
1 1 1
1 2 2
1 1 1
1 2 2

Case #31: 4
1 1 1
1 2 2
1 1 1
1 2 2

Case #32: 1
1 1 1

Case #33: 3
1 1 1
1 1 2
1 1 3

Case #34: 1
1 1 1

Case #35: 18
1 1 1
2 2 2
1 3 3
2 1 1
1 2 2
2 3 3
1 1 1
2 2 2
1 3 3
2 1 1
1 2 2
2 3 3
1 1 1
2 2 2
1 3 3
2 1 1
1 2 2
2 3 3

Case #36: 27
1 1 1
2 2 2
3 3 3
1 1 1
2 2 2
3 3 3
1 1 1
2 2 2
3 3 3
1 1 1
2 2 2
3 3 3
1 1 1
2 2 2
3 3 3
1 1 1
2 2 2
3 3 3
1 1 1
2 2 2
3 3 3
1 1 1
2 2 2
3 3 3
1 1 1
2 2 2
3 3 3

Case #37: 6
1 1 1
1 2 2
1 1 3
1 2 1
1 1 2
1 2 3

Case #38: 6
1 1 1
1 2 2
1 1 3
1 2 1
1 1 2
1 2 3

Case #39: 18
1 1 1
2 2 2
3 3 3
1 1 1
2 2 2
3 3 3
1 1 1
2 2 2
3 3 3
1 1 1
2 2 2
3 3 3
1 1 1
2 2 2
3 3 3
1 1 1
2 2 2
3 3 3

Case #40: 2
1 1 1
1 1 2

Case #41: 18
1 1 1
2 2 2
1 3 3
2 1 1
1 2 2
2 3 3
1 1 1
2 2 2
1 3 3
2 1 1
1 2 2
2 3 3
1 1 1
2 2 2
1 3 3
2 1 1
1 2 2
2 3 3

Case #42: 3
1 1 1
1 2 2
1 3 3

Case #43: 18
1 1 1
2 2 2
1 3 3
2 1 1
1 2 2
2 3 3
1 1 1
2 2 2
1 3 3
2 1 1
1 2 2
2 3 3
1 1 1
2 2 2
1 3 3
2 1 1
1 2 2
2 3 3

Case #44: 8
1 1 1
2 2 2
1 1 1
2 2 2
1 1 1
2 2 2
1 1 1
2 2 2

Case #45: 2
1 1 1
1 1 2

Case #46: 9
1 1 1
1 2 2
1 3 3
1 1 1
1 2 2
1 3 3
1 1 1
1 2 2
1 3 3

Case #47: 1
1 1 1

Case #48: 1
1 1 1

Case #49: 4
1 1 1
2 2 2
1 1 3
2 2 1

Case #50: 4
1 1 1
1 2 2
1 1 1
1 2 2

Case #51: 2
1 1 1
1 1 2

Case #52: 9
1 1 1
1 2 2
1 3 3
1 1 1
1 2 2
1 3 3
1 1 1
1 2 2
1 3 3

Case #53: 2
1 1 1
1 2 2

Case #54: 2
1 1 1
1 1 2

Case #55: 6
1 1 1
1 2 2
1 3 3
1 1 1
1 2 2
1 3 3

Case #56: 4
1 1 1
1 2 2
1 1 1
1 2 2

Case #57: 9
1 1 1
1 2 2
1 3 3
1 1 1
1 2 2
1 3 3
1 1 1
1 2 2
1 3 3

Case #58: 18
1 1 1
2 2 2
1 3 3
2 1 1
1 2 2
2 3 3
1 1 1
2 2 2
1 3 3
2 1 1
1 2 2
2 3 3
1 1 1
2 2 2
1 3 3
2 1 1
1 2 2
2 3 3

Case #59: 27
1 1 1
2 2 2
3 3 3
1 1 1
2 2 2
3 3 3
1 1 1
2 2 2
3 3 3
1 1 1
2 2 2
3 3 3
1 1 1
2 2 2
3 3 3
1 1 1
2 2 2
3 3 3
1 1 1
2 2 2
3 3 3
1 1 1
2 2 2
3 3 3
1 1 1
2 2 2
3 3 3

Case #60: 2
1 1 1
1 1 2

Case #61: 9
1 1 1
1 2 2
1 3 3
1 1 1
1 2 2
1 3 3
1 1 1
1 2 2
1 3 3

Case #62: 27
1 1 1
2 2 2
3 3 3
1 1 1
2 2 2
3 3 3
1 1 1
2 2 2
3 3 3
1 1 1
2 2 2
3 3 3
1 1 1
2 2 2
3 3 3
1 1 1
2 2 2
3 3 3
1 1 1
2 2 2
3 3 3
1 1 1
2 2 2
3 3 3
1 1 1
2 2 2
3 3 3

Case #63: 9
1 1 1
1 2 2
1 3 3
1 1 1
1 2 2
1 3 3
1 1 1
1 2 2
1 3 3

Case #64: 27
1 1 1
2 2 2
3 3 3
1 1 1
2 2 2
3 3 3
1 1 1
2 2 2
3 3 3
1 1 1
2 2 2
3 3 3
1 1 1
2 2 2
3 3 3
1 1 1
2 2 2
3 3 3
1 1 1
2 2 2
3 3 3
1 1 1
2 2 2
3 3 3
1 1 1
2 2 2
3 3 3

Case #65: 2
1 1 1
1 1 2

Case #66: 1
1 1 1

Case #67: 8
1 1 1
2 2 2
1 1 1
2 2 2
1 1 1
2 2 2
1 1 1
2 2 2

Case #68: 4
1 1 1
2 2 2
1 1 1
2 2 2

Case #69: 8
1 1 1
2 2 2
1 1 1
2 2 2
1 1 1
2 2 2
1 1 1
2 2 2

Case #70: 6
1 1 1
1 2 2
1 1 3
1 2 1
1 1 2
1 2 3

Case #71: 12
1 1 1
2 2 2
1 3 3
2 1 1
1 2 2
2 3 3
1 1 1
2 2 2
1 3 3
2 1 1
1 2 2
2 3 3

Case #72: 4
1 1 1
1 2 2
1 1 1
1 2 2

Case #73: 8
1 1 1
2 2 2
1 1 1
2 2 2
1 1 1
2 2 2
1 1 1
2 2 2

Case #74: 6
1 1 1
1 2 2
1 1 3
1 2 1
1 1 2
1 2 3

Case #75: 27
1 1 1
2 2 2
3 3 3
1 1 1
2 2 2
3 3 3
1 1 1
2 2 2
3 3 3
1 1 1
2 2 2
3 3 3
1 1 1
2 2 2
3 3 3
1 1 1
2 2 2
3 3 3
1 1 1
2 2 2
3 3 3
1 1 1
2 2 2
3 3 3
1 1 1
2 2 2
3 3 3

Case #76: 6
1 1 1
1 2 2
1 1 3
1 2 1
1 1 2
1 2 3

Case #77: 4
1 1 1
1 2 2
1 1 1
1 2 2

Case #78: 12
1 1 1
2 2 2
1 1 3
2 2 1
1 1 2
2 2 3
1 1 1
2 2 2
1 1 3
2 2 1
1 1 2
2 2 3

Case #79: 12
1 1 1
2 2 2
1 1 3
2 2 1
1 1 2
2 2 3
1 1 1
2 2 2
1 1 3
2 2 1
1 1 2
2 2 3

Case #80: 8
1 1 1
2 2 2
1 1 1
2 2 2
1 1 1
2 2 2
1 1 1
2 2 2

Case #81: 6
1 1 1
1 2 2
1 1 3
1 2 1
1 1 2
1 2 3

Case #82: 4
1 1 1
1 2 2
1 1 1
1 2 2

Case #83: 4
1 1 1
1 2 2
1 1 1
1 2 2

Case #84: 3
1 1 1
1 1 2
1 1 3

Case #85: 12
1 1 1
2 2 2
1 1 3
2 2 1
1 1 2
2 2 3
1 1 1
2 2 2
1 1 3
2 2 1
1 1 2
2 2 3

Case #86: 3
1 1 1
1 1 2
1 1 3

Case #87: 8
1 1 1
2 2 2
1 1 3
2 2 1
1 1 2
2 2 3
1 1 1
2 2 2

Case #88: 18
1 1 1
2 2 2
1 3 3
2 1 1
1 2 2
2 3 3
1 1 1
2 2 2
1 3 3
2 1 1
1 2 2
2 3 3
1 1 1
2 2 2
1 3 3
2 1 1
1 2 2
2 3 3

Case #89: 9
1 1 1
1 2 2
1 3 3
1 1 1
1 2 2
1 3 3
1 1 1
1 2 2
1 3 3

Case #90: 12
1 1 1
2 2 2
1 1 3
2 2 1
1 1 2
2 2 3
1 1 1
2 2 2
1 1 3
2 2 1
1 1 2
2 2 3

Case #91: 2
1 1 1
1 1 2

Case #92: 1
1 1 1

Case #93: 8
1 1 1
2 2 2
1 1 1
2 2 2
1 1 1
2 2 2
1 1 1
2 2 2

Case #94: 3
1 1 1
1 1 2
1 1 3

Case #95: 4
1 1 1
1 2 2
1 1 1
1 2 2

Case #96: 9
1 1 1
2 2 2
3 3 3
1 1 1
2 2 2
3 3 3
1 1 1
2 2 2
3 3 3

Case #97: 9
1 1 1
1 2 2
1 3 3
1 1 1
1 2 2
1 3 3
1 1 1
1 2 2
1 3 3

Case #98: 2
1 1 1
1 1 2

Case #99: 8
1 1 1
2 2 2
1 1 1
2 2 2
1 1 1
2 2 2
1 1 1
2 2 2

Case #100: 27
1 1 1
2 2 2
3 3 3
1 1 1
2 2 2
3 3 3
1 1 1
2 2 2
3 3 3
1 1 1
2 2 2
3 3 3
1 1 1
2 2 2
3 3 3
1 1 1
2 2 2
3 3 3
1 1 1
2 2 2
3 3 3
1 1 1
2 2 2
3 3 3
1 1 1
2 2 2
3 3 3

