Case #1: 19 20
Case #2: 023 023
Case #3: 0 0
Case #4: 05 00
Case #5: 99 99
Case #6: 092 093
Case #7: 900 900
Case #8: 726 787
Case #9: 010 070
Case #10: 504 004
Case #11: 99 90
Case #12: 455 546
Case #13: 93 98
Case #14: 838 038
Case #15: 680 280
Case #16: 010 050
Case #17: 000 909
Case #18: 98 93
Case #19: 600 600
Case #20: 000 000
Case #21: 003 003
Case #22: 609 601
Case #23: 99 09
Case #24: 00 00
Case #25: 244 244
Case #26: 883 883
Case #27: 001 001
Case #28: 15 10
Case #29: 060 000
Case #30: 909 900
Case #31: 020 060
Case #32: 998 993
Case #33: 493 497
Case #34: 90 00
Case #35: 95 99
Case #36: 343 343
Case #37: 199 199
Case #38: 550 550
Case #39: 00 00
Case #40: 998 999
Case #41: 321 321
Case #42: 00 09
Case #43: 070 030
Case #44: 00 05
Case #45: 875 874
Case #46: 007 002
Case #47: 000 050
Case #48: 655 655
Case #49: 99 99
Case #50: 315 315
Case #51: 737 727
Case #52: 99 99
Case #53: 090 030
Case #54: 050 000
Case #55: 159 151
Case #56: 807 800
Case #57: 023 023
Case #58: 302 306
Case #59: 520 610
Case #60: 90 99
Case #61: 09 09
Case #62: 09 09
Case #63: 00 00
Case #64: 205 204
Case #65: 99 99
Case #66: 050 050
Case #67: 501 501
Case #68: 432 432
Case #69: 99 99
Case #70: 400 400
Case #71: 377 768
Case #72: 90 90
Case #73: 10 15
Case #74: 807 807
Case #75: 05 05
Case #76: 089 089
Case #77: 012 069
Case #78: 99 95
Case #79: 012 025
Case #80: 0 0
Case #81: 598 609
Case #82: 990 900
Case #83: 085 085
Case #84: 016 065
Case #85: 09 09
Case #86: 09 00
Case #87: 470 470
Case #88: 90 90
Case #89: 305 305
Case #90: 050 090
Case #91: 099 090
Case #92: 040 000
Case #93: 5 5
Case #94: 080 030
Case #95: 098 093
Case #96: 800 600
Case #97: 900 909
Case #98: 068 068
Case #99: 045 096
Case #100: 465 774
Case #101: 009 009
Case #102: 90 90
Case #103: 350 360
Case #104: 794 734
Case #105: 111 115
Case #106: 09 09
Case #107: 020 070
Case #108: 310 424
Case #109: 593 604
Case #110: 040 080
Case #111: 507 500
Case #112: 167 267
Case #113: 006 006
Case #114: 670 620
Case #115: 092 092
Case #116: 208 008
Case #117: 108 108
Case #118: 571 371
Case #119: 05 05
Case #120: 093 098
Case #121: 768 857
Case #122: 200 500
Case #123: 020 080
Case #124: 020 070
Case #125: 092 098
Case #126: 318 310
Case #127: 080 020
Case #128: 900 990
Case #129: 90 90
Case #130: 070 020
Case #131: 030 080
Case #132: 05 05
Case #133: 030 030
Case #134: 909 909
Case #135: 080 040
Case #136: 443 446
Case #137: 000 040
Case #138: 809 809
Case #139: 096 066
Case #140: 407 401
Case #141: 306 804
Case #142: 383 882
Case #143: 09 05
Case #144: 188 187
Case #145: 060 010
Case #146: 143 147
Case #147: 00 99
Case #148: 025 025
Case #149: 00 00
Case #150: 95 95
Case #151: 000 009
Case #152: 00 00
Case #153: 993 998
Case #154: 090 040
Case #155: 090 050
Case #156: 000 000
Case #157: 667 667
Case #158: 998 992
Case #159: 027 027
Case #160: 99 99
Case #161: 300 000
Case #162: 9 9
Case #163: 9 9
Case #164: 992 998
Case #165: 05 05
Case #166: 99 99
Case #167: 050 050
Case #168: 016 045
Case #169: 359 339
Case #170: 95 95
Case #171: 065 065
Case #172: 210 210
Case #173: 010 060
Case #174: 420 420
Case #175: 060 020
Case #176: 082 032
Case #177: 040 040
Case #178: 050 010
Case #179: 891 891
Case #180: 621 672
Case #181: 417 458
Case #182: 99 99
Case #183: 00 00
Case #184: 00 00
Case #185: 0 0
Case #186: 000 060
Case #187: 090 099
Case #188: 102 102
Case #189: 040 090
Case #190: 5 5
Case #191: 030 070
Case #192: 140 140
Case #193: 030 090
Case #194: 00 90
Case #195: 077 095
Case #196: 070 010
Case #197: 000 209
Case #198: 032 083
Case #199: 290 240
Case #200: 05 09
